<?xml version="1.0" encoding="UTF-8"?>
<!-- Generated by org.testng.reporters.JUnitReportReporter -->
<testsuite hostname="LAPTOP-8TOCLFA1" failures="0" tests="1" name="com.test.NewTest" time="0.005" errors="0" timestamp="2022-06-01T19:02:11 IST" skipped="0">
  <testcase classname="com.test.NewTest" name="f" time="0.005"/>
  <system-out/>
</testsuite> <!-- com.test.NewTest -->
